<?xml version="1.0" encoding="UTF-8"?>
<!-- Generated by org.testng.reporters.JUnitXMLReporter -->
<testsuite ignored="7" hostname="Shorooq" failures="0" tests="3" name="Default test" time="19.127" errors="0" timestamp="2025-08-07T15:14:48 GMT+03:00">
  <testcase classname="tests.TestCases" name="SignUpPage" time="5.027"/>
  <testcase classname="tests.TestCases" name="loginWithRegisteredValidData" time="5.528"/>
  <testcase classname="tests.TestCases" name="logOutTest" time="6.814"/>
  <testcase classname="tests.TestCases" name="testBrand" time="0.0">
    <ignored/>
  </testcase> <!-- testBrand -->
  <testcase classname="tests.TestCases" name="tsearchTest" time="0.0">
    <ignored/>
  </testcase> <!-- tsearchTest -->
  <testcase classname="tests.TestCases" name="testSlider" time="0.0">
    <ignored/>
  </testcase> <!-- testSlider -->
  <testcase classname="tests.TestCases" name="SignUpWithEmptyForm" time="0.0">
    <ignored/>
  </testcase> <!-- SignUpWithEmptyForm -->
  <testcase classname="tests.TestCases" name="testFilters" time="0.0">
    <ignored/>
  </testcase> <!-- testFilters -->
  <testcase classname="tests.TestCases" name="testLinks" time="0.0">
    <ignored/>
  </testcase> <!-- testLinks -->
  <testcase classname="tests.TestCases" name="loginWithRegisteredInvalidData" time="0.0">
    <ignored/>
  </testcase> <!-- loginWithRegisteredInvalidData -->
</testsuite> <!-- Default test -->
