<?xml version="1.0" encoding="UTF-8"?>
<!-- Generated by org.testng.reporters.JUnitXMLReporter -->
<testsuite ignored="2" hostname="Shorooq" failures="0" tests="3" name="Default test" time="18.856" errors="0" timestamp="2025-08-05T16:25:21 GMT+03:00">
  <testcase classname="tests.TestCases" name="SignUpPage" time="4.764"/>
  <testcase classname="tests.TestCases" name="loginWithRegisteredValidData" time="5.517"/>
  <testcase classname="tests.TestCases" name="logOutTest" time="6.774"/>
  <testcase classname="tests.TestCases" name="SignUpWithEmptyForm" time="0.0">
    <ignored/>
  </testcase> <!-- SignUpWithEmptyForm -->
  <testcase classname="tests.TestCases" name="loginWithRegisteredInvalidData" time="0.0">
    <ignored/>
  </testcase> <!-- loginWithRegisteredInvalidData -->
</testsuite> <!-- Default test -->
